<?xml version="1.0" encoding="UTF-8"?>
<!-- Generated by org.testng.reporters.JUnitReportReporter -->
<testsuite skipped="0" hostname="Ashwini" name="com.VTiger.Lead.TestCases.LoginTest" tests="1" failures="0" timestamp="2022-10-18T20:26:08 IST" time="21.492" errors="0">
  <testcase name="loginTest" time="21.492" classname="com.VTiger.Lead.TestCases.LoginTest"/>
  <system-out/>
</testsuite> <!-- com.VTiger.Lead.TestCases.LoginTest -->
