<?xml version="1.0" encoding="UTF-8"?>
<!-- Generated by org.testng.reporters.JUnitReportReporter -->
<testsuite skipped="0" hostname="Ashwini" name="failedScenarioRerunAgain.FailedTestCaseRerun" tests="1" failures="0" timestamp="2022-10-31T22:07:05 IST" time="88.084" errors="0">
  <testcase name="runScenario" time="88.084" classname="failedScenarioRerunAgain.FailedTestCaseRerun"/>
  <system-out/>
</testsuite> <!-- failedScenarioRerunAgain.FailedTestCaseRerun -->
