<?xml version="1.0" encoding="UTF-8"?>
<!-- Generated by org.testng.reporters.JUnitReportReporter -->
<testsuite skipped="0" hostname="Ashwini" name="com.VTiger.Lead.TestCases.LeadTest" tests="6" failures="0" timestamp="2022-11-03T09:50:01 IST" time="90.795" errors="0">
  <testcase name="preRequisite" time="34.525" classname="com.VTiger.Lead.TestCases.LeadTest"/>
  <system-out/>
  <testcase name="createLeadTest" time="15.430" classname="com.VTiger.Lead.TestCases.LeadTest"/>
  <system-out/>
  <testcase name="verifyCreatedLead" time="3.153" classname="com.VTiger.Lead.TestCases.LeadTest"/>
  <system-out/>
  <testcase name="deleteDeadTest" time="1.102" classname="com.VTiger.Lead.TestCases.LeadTest"/>
  <system-out/>
  <testcase name="verifyLeadDeletedTest" time="33.678" classname="com.VTiger.Lead.TestCases.LeadTest"/>
  <system-out/>
  <testcase name="tearDown" time="2.907" classname="com.VTiger.Lead.TestCases.LeadTest"/>
  <system-out/>
</testsuite> <!-- com.VTiger.Lead.TestCases.LeadTest -->
