<?xml version="1.0" encoding="UTF-8"?>
<!-- Generated by org.testng.reporters.JUnitReportReporter -->
<testsuite skipped="0" hostname="Ashwini" name="com.VTiger.Lead.TestCases.LeadTest" tests="6" failures="0" timestamp="2022-11-03T21:08:06 IST" time="151.509" errors="0">
  <testcase name="preRequisite" time="102.488" classname="com.VTiger.Lead.TestCases.LeadTest"/>
  <system-out/>
  <testcase name="createLeadTest" time="7.105" classname="com.VTiger.Lead.TestCases.LeadTest"/>
  <system-out/>
  <testcase name="verifyCreatedLead" time="1.549" classname="com.VTiger.Lead.TestCases.LeadTest"/>
  <system-out/>
  <testcase name="deleteDeadTest" time="1.032" classname="com.VTiger.Lead.TestCases.LeadTest"/>
  <system-out/>
  <testcase name="verifyLeadDeletedTest" time="32.445" classname="com.VTiger.Lead.TestCases.LeadTest"/>
  <system-out/>
  <testcase name="tearDown" time="6.890" classname="com.VTiger.Lead.TestCases.LeadTest"/>
  <system-out/>
</testsuite> <!-- com.VTiger.Lead.TestCases.LeadTest -->
