<?xml version="1.0" encoding="UTF-8"?>
<!-- Generated by org.testng.reporters.JUnitReportReporter -->
<testsuite skipped="0" hostname="Ashwini" name="getFailedScenarioRerun.TestRunner" tests="3" failures="0" timestamp="2022-11-03T21:08:06 IST" time="194.930" errors="0">
  <testcase name="runScenario" time="66.740" classname="getFailedScenarioRerun.TestRunner"/>
  <system-out/>
  <testcase name="runScenario" time="83.790" classname="getFailedScenarioRerun.TestRunner"/>
  <system-out/>
  <testcase name="runScenario" time="44.400" classname="getFailedScenarioRerun.TestRunner"/>
  <system-out/>
</testsuite> <!-- getFailedScenarioRerun.TestRunner -->
