<?xml version="1.0" encoding="UTF-8"?>
<!-- Generated by org.testng.reporters.JUnitReportReporter -->
<testsuite skipped="0" hostname="Ashwini" name="runner.TestRunner" tests="3" failures="0" timestamp="2022-11-03T21:08:06 IST" time="94.364" errors="0">
  <testcase name="runScenario" time="37.645" classname="runner.TestRunner"/>
  <system-out/>
  <testcase name="runScenario" time="48.110" classname="runner.TestRunner"/>
  <system-out/>
  <testcase name="runScenario" time="8.609" classname="runner.TestRunner"/>
  <system-out/>
</testsuite> <!-- runner.TestRunner -->
